<?xml version="1.0" encoding="UTF-8"?>
<!-- Generated by org.testng.reporters.JUnitReportReporter -->
<testsuite hostname="DESKTOP-F3HIC5N" failures="0" tests="1" name="com.qa.tests.MediaPageTest" time="17.307" errors="0" timestamp="01 Jun 2020 07:40:06 GMT" skipped="0">
  <testcase classname="com.qa.tests.MediaPageTest" name="verifytitletoolstest" time="17.307"/>
</testsuite> <!-- com.qa.tests.MediaPageTest -->
