<?xml version="1.0" encoding="UTF-8"?>
<!-- Generated by org.testng.reporters.JUnitReportReporter -->
<testsuite hostname="DESKTOP-F3HIC5N" failures="0" tests="3" name="com.qa.tests.UserPageTest" time="100.861" errors="0" timestamp="01 Jun 2020 07:40:06 GMT" skipped="0">
  <testcase classname="com.qa.tests.UserPageTest" name="enterdata" time="39.816"/>
  <testcase classname="com.qa.tests.UserPageTest" name="enterdata" time="26.721"/>
  <testcase classname="com.qa.tests.UserPageTest" name="enterdata" time="34.324"/>
</testsuite> <!-- com.qa.tests.UserPageTest -->
